2022-07-19 19:34:38,228 WARN c.g.A.Day18Logging [main] This is a warning
2022-07-19 19:34:38,234 ERROR c.g.A.Day18Logging [main] This is an error!
2022-07-19 19:35:25,751 WARN c.g.A.Day18Logging [main] This is a warning
2022-07-19 19:35:25,765 ERROR c.g.A.Day18Logging [main] This is an error!
2022-07-19 19:35:40,354 WARN c.g.A.Day18Logging [main] This is a warning
2022-07-19 19:35:40,373 ERROR c.g.A.Day18Logging [main] This is an error!
2022-07-19 19:38:58,164 WARN c.g.A.Day18Logging [main] This is a warning
2022-07-19 19:38:58,173 ERROR c.g.A.Day18Logging [main] This is an error!
2022-07-19 19:41:43,401 WARN c.g.A.Day18Logging [main] This is a warning
2022-07-19 19:41:43,401 ERROR c.g.A.Day18Logging [main] This is an error!
2022-07-19 19:42:10,994 INFO c.g.A.Day18Logging [main] Hello this is an info message
2022-07-19 19:42:11,010 WARN c.g.A.Day18Logging [main] This is a warning
2022-07-19 19:42:11,010 ERROR c.g.A.Day18Logging [main] This is an error!
2022-07-19 19:42:30,830 WARN c.g.A.Day18Logging [main] This is a warning
2022-07-19 19:42:30,846 ERROR c.g.A.Day18Logging [main] This is an error!
2022-07-19 19:45:38,040 WARN o.a.h.u.Shell [main] Did not find winutils.exe: java.io.FileNotFoundException: java.io.FileNotFoundException: HADOOP_HOME and hadoop.home.dir are unset. -see https://wiki.apache.org/hadoop/WindowsProblems
2022-07-19 19:45:38,071 WARN o.a.h.u.NativeCodeLoader [main] Unable to load native-hadoop library for your platform... using builtin-java classes where applicable
2022-07-19 19:55:33,252 WARN o.a.h.u.Shell [main] Did not find winutils.exe: java.io.FileNotFoundException: java.io.FileNotFoundException: HADOOP_HOME and hadoop.home.dir are unset. -see https://wiki.apache.org/hadoop/WindowsProblems
2022-07-19 19:55:33,314 WARN o.a.h.u.NativeCodeLoader [main] Unable to load native-hadoop library for your platform... using builtin-java classes where applicable
2022-07-19 19:55:45,243 WARN o.a.s.e.ProcfsMetricsGetter [driver-heartbeater] Exception when trying to compute pagesize, as a result reporting of ProcessTree metrics is stopped
2022-07-19 20:01:06,697 WARN o.a.h.u.Shell [main] Did not find winutils.exe: java.io.FileNotFoundException: java.io.FileNotFoundException: HADOOP_HOME and hadoop.home.dir are unset. -see https://wiki.apache.org/hadoop/WindowsProblems
2022-07-19 20:01:06,726 WARN o.a.h.u.NativeCodeLoader [main] Unable to load native-hadoop library for your platform... using builtin-java classes where applicable
2022-07-19 20:01:19,752 WARN o.a.s.e.ProcfsMetricsGetter [driver-heartbeater] Exception when trying to compute pagesize, as a result reporting of ProcessTree metrics is stopped
2022-07-19 20:04:55,717 WARN o.a.h.u.Shell [main] Did not find winutils.exe: java.io.FileNotFoundException: java.io.FileNotFoundException: HADOOP_HOME and hadoop.home.dir are unset. -see https://wiki.apache.org/hadoop/WindowsProblems
2022-07-19 20:04:55,747 WARN o.a.h.u.NativeCodeLoader [main] Unable to load native-hadoop library for your platform... using builtin-java classes where applicable
2022-07-19 20:07:32,176 WARN o.a.h.u.Shell [main] Did not find winutils.exe: java.io.FileNotFoundException: java.io.FileNotFoundException: HADOOP_HOME and hadoop.home.dir are unset. -see https://wiki.apache.org/hadoop/WindowsProblems
2022-07-19 20:07:32,207 WARN o.a.h.u.NativeCodeLoader [main] Unable to load native-hadoop library for your platform... using builtin-java classes where applicable
2022-07-19 20:07:44,127 WARN o.a.s.e.ProcfsMetricsGetter [driver-heartbeater] Exception when trying to compute pagesize, as a result reporting of ProcessTree metrics is stopped
2022-07-19 20:08:37,322 WARN o.a.h.u.Shell [main] Did not find winutils.exe: java.io.FileNotFoundException: java.io.FileNotFoundException: HADOOP_HOME and hadoop.home.dir are unset. -see https://wiki.apache.org/hadoop/WindowsProblems
2022-07-19 20:08:37,356 WARN o.a.h.u.NativeCodeLoader [main] Unable to load native-hadoop library for your platform... using builtin-java classes where applicable
2022-07-19 20:08:50,187 WARN o.a.s.e.ProcfsMetricsGetter [executor-heartbeater] Exception when trying to compute pagesize, as a result reporting of ProcessTree metrics is stopped
2022-07-19 20:10:30,129 WARN o.a.h.u.Shell [main] Did not find winutils.exe: java.io.FileNotFoundException: java.io.FileNotFoundException: HADOOP_HOME and hadoop.home.dir are unset. -see https://wiki.apache.org/hadoop/WindowsProblems
2022-07-19 20:10:30,162 WARN o.a.h.u.NativeCodeLoader [main] Unable to load native-hadoop library for your platform... using builtin-java classes where applicable
2022-07-19 20:12:21,359 WARN o.a.h.u.Shell [main] Did not find winutils.exe: java.io.FileNotFoundException: java.io.FileNotFoundException: HADOOP_HOME and hadoop.home.dir are unset. -see https://wiki.apache.org/hadoop/WindowsProblems
2022-07-19 20:12:21,392 WARN o.a.h.u.NativeCodeLoader [main] Unable to load native-hadoop library for your platform... using builtin-java classes where applicable
2022-07-19 20:13:36,282 WARN o.a.h.u.Shell [main] Did not find winutils.exe: java.io.FileNotFoundException: java.io.FileNotFoundException: HADOOP_HOME and hadoop.home.dir are unset. -see https://wiki.apache.org/hadoop/WindowsProblems
2022-07-19 20:13:36,310 WARN o.a.h.u.NativeCodeLoader [main] Unable to load native-hadoop library for your platform... using builtin-java classes where applicable
2022-07-19 20:15:25,345 WARN o.a.h.u.Shell [main] Did not find winutils.exe: java.io.FileNotFoundException: java.io.FileNotFoundException: HADOOP_HOME and hadoop.home.dir are unset. -see https://wiki.apache.org/hadoop/WindowsProblems
2022-07-19 20:15:25,379 WARN o.a.h.u.NativeCodeLoader [main] Unable to load native-hadoop library for your platform... using builtin-java classes where applicable
2022-07-19 20:15:37,890 WARN o.a.s.e.ProcfsMetricsGetter [driver-heartbeater] Exception when trying to compute pagesize, as a result reporting of ProcessTree metrics is stopped
2022-07-19 20:17:23,585 WARN o.a.h.u.Shell [main] Did not find winutils.exe: java.io.FileNotFoundException: java.io.FileNotFoundException: HADOOP_HOME and hadoop.home.dir are unset. -see https://wiki.apache.org/hadoop/WindowsProblems
2022-07-19 20:17:23,618 WARN o.a.h.u.NativeCodeLoader [main] Unable to load native-hadoop library for your platform... using builtin-java classes where applicable
2022-07-19 20:17:35,668 WARN o.a.s.e.ProcfsMetricsGetter [executor-heartbeater] Exception when trying to compute pagesize, as a result reporting of ProcessTree metrics is stopped
2022-07-19 21:11:39,933 WARN o.a.h.u.Shell [main] Did not find winutils.exe: java.io.FileNotFoundException: java.io.FileNotFoundException: HADOOP_HOME and hadoop.home.dir are unset. -see https://wiki.apache.org/hadoop/WindowsProblems
2022-07-19 21:11:39,972 WARN o.a.h.u.NativeCodeLoader [main] Unable to load native-hadoop library for your platform... using builtin-java classes where applicable
2022-07-19 21:11:56,329 WARN o.a.s.e.ProcfsMetricsGetter [executor-heartbeater] Exception when trying to compute pagesize, as a result reporting of ProcessTree metrics is stopped
2022-07-19 21:28:15,777 WARN o.a.h.u.Shell [main] Did not find winutils.exe: java.io.FileNotFoundException: java.io.FileNotFoundException: HADOOP_HOME and hadoop.home.dir are unset. -see https://wiki.apache.org/hadoop/WindowsProblems
2022-07-19 21:28:15,808 WARN o.a.h.u.NativeCodeLoader [main] Unable to load native-hadoop library for your platform... using builtin-java classes where applicable
2022-07-19 21:28:38,003 WARN o.a.s.e.ProcfsMetricsGetter [driver-heartbeater] Exception when trying to compute pagesize, as a result reporting of ProcessTree metrics is stopped
2022-07-19 21:29:54,222 WARN o.a.h.u.Shell [main] Did not find winutils.exe: java.io.FileNotFoundException: java.io.FileNotFoundException: HADOOP_HOME and hadoop.home.dir are unset. -see https://wiki.apache.org/hadoop/WindowsProblems
2022-07-19 21:29:54,278 WARN o.a.h.u.NativeCodeLoader [main] Unable to load native-hadoop library for your platform... using builtin-java classes where applicable
2022-07-19 21:30:09,527 WARN o.a.s.e.ProcfsMetricsGetter [driver-heartbeater] Exception when trying to compute pagesize, as a result reporting of ProcessTree metrics is stopped
2022-07-19 21:40:55,291 WARN o.a.h.u.Shell [main] Did not find winutils.exe: java.io.FileNotFoundException: java.io.FileNotFoundException: HADOOP_HOME and hadoop.home.dir are unset. -see https://wiki.apache.org/hadoop/WindowsProblems
2022-07-19 21:40:55,346 WARN o.a.h.u.NativeCodeLoader [main] Unable to load native-hadoop library for your platform... using builtin-java classes where applicable
2022-07-19 21:41:17,263 WARN o.a.s.e.ProcfsMetricsGetter [driver-heartbeater] Exception when trying to compute pagesize, as a result reporting of ProcessTree metrics is stopped
2022-07-21 19:48:37,546 WARN o.a.h.u.Shell [main] Did not find winutils.exe: java.io.FileNotFoundException: java.io.FileNotFoundException: HADOOP_HOME and hadoop.home.dir are unset. -see https://wiki.apache.org/hadoop/WindowsProblems
2022-07-21 19:48:37,579 WARN o.a.h.u.NativeCodeLoader [main] Unable to load native-hadoop library for your platform... using builtin-java classes where applicable
2022-07-21 20:23:21,940 WARN o.a.h.u.Shell [main] Did not find winutils.exe: java.io.FileNotFoundException: java.io.FileNotFoundException: HADOOP_HOME and hadoop.home.dir are unset. -see https://wiki.apache.org/hadoop/WindowsProblems
2022-07-21 20:23:21,972 WARN o.a.h.u.NativeCodeLoader [main] Unable to load native-hadoop library for your platform... using builtin-java classes where applicable
2022-07-21 20:23:37,775 WARN o.a.s.e.ProcfsMetricsGetter [executor-heartbeater] Exception when trying to compute pagesize, as a result reporting of ProcessTree metrics is stopped
2022-07-21 20:28:40,809 WARN o.a.h.u.NativeCodeLoader [main] Unable to load native-hadoop library for your platform... using builtin-java classes where applicable
2022-07-21 20:29:00,699 WARN o.a.s.e.ProcfsMetricsGetter [executor-heartbeater] Exception when trying to compute pagesize, as a result reporting of ProcessTree metrics is stopped
2022-07-21 20:31:51,777 WARN o.a.h.u.NativeCodeLoader [main] Unable to load native-hadoop library for your platform... using builtin-java classes where applicable
2022-07-21 20:32:06,235 WARN o.a.s.e.ProcfsMetricsGetter [driver-heartbeater] Exception when trying to compute pagesize, as a result reporting of ProcessTree metrics is stopped
2022-07-21 20:37:40,565 WARN o.a.h.u.NativeCodeLoader [main] Unable to load native-hadoop library for your platform... using builtin-java classes where applicable
2022-07-21 20:47:16,402 WARN o.a.s.e.ProcfsMetricsGetter [driver-heartbeater] Exception when trying to compute pagesize, as a result reporting of ProcessTree metrics is stopped
2022-07-21 21:14:10,767 WARN o.a.s.e.ProcfsMetricsGetter [driver-heartbeater] Exception when trying to compute pagesize, as a result reporting of ProcessTree metrics is stopped
2022-07-21 21:17:34,933 WARN o.a.s.e.ProcfsMetricsGetter [driver-heartbeater] Exception when trying to compute pagesize, as a result reporting of ProcessTree metrics is stopped
2022-07-21 21:17:50,863 WARN o.a.s.s.e.s.ResolveWriteToStream [main] Temporary checkpoint location created which is deleted normally when the query didn't fail: C:\Users\BrightUser\AppData\Local\Temp\temporary-d6ec0dde-ff45-454c-9415-713db9ea58d4. If it's required to delete it under any circumstances, please set spark.sql.streaming.forceDeleteTempCheckpointLocation to true. Important to know deleting temp checkpoint folder is best effort.
2022-07-21 21:17:50,938 WARN o.a.s.s.e.s.ResolveWriteToStream [main] spark.sql.adaptive.enabled is not supported in streaming DataFrames/Datasets and will be disabled.
2022-07-25 21:34:09,166 WARN o.a.s.e.ProcfsMetricsGetter [driver-heartbeater] Exception when trying to compute pagesize, as a result reporting of ProcessTree metrics is stopped
2022-07-25 21:55:35,608 WARN o.a.s.e.ProcfsMetricsGetter [executor-heartbeater] Exception when trying to compute pagesize, as a result reporting of ProcessTree metrics is stopped
2022-07-25 22:00:01,055 WARN o.a.s.e.ProcfsMetricsGetter [driver-heartbeater] Exception when trying to compute pagesize, as a result reporting of ProcessTree metrics is stopped
2022-07-26 15:55:09,075 ERROR o.a.s.e.Executor [Executor task launch worker for task 0.0 in stage 7.0 (TID 7)] Exception in task 0.0 in stage 7.0 (TID 7)
java.lang.RuntimeException: Error while encoding: java.lang.RuntimeException: java.lang.Integer is not a valid external type for schema of double
staticinvoke(class org.apache.spark.unsafe.types.UTF8String, StringType, fromString, validateexternaltype(getexternalrowfield(assertnotnull(input[0, org.apache.spark.sql.Row, true]), 0, food_name), StringType, false), true, false, true) AS food_name#94
validateexternaltype(getexternalrowfield(assertnotnull(input[0, org.apache.spark.sql.Row, true]), 1, qty_kg), IntegerType, false) AS qty_kg#95
validateexternaltype(getexternalrowfield(assertnotnull(input[0, org.apache.spark.sql.Row, true]), 2, price_eur), DoubleType, false) AS price_eur#96
if (assertnotnull(input[0, org.apache.spark.sql.Row, true]).isNullAt) null else validateexternaltype(getexternalrowfield(assertnotnull(input[0, org.apache.spark.sql.Row, true]), 3, is_it_vegan), BooleanType, false) AS is_it_vegan#97
	at org.apache.spark.sql.errors.QueryExecutionErrors$.expressionEncodingError(QueryExecutionErrors.scala:1219) ~[spark-catalyst_2.13-3.3.0.jar:3.3.0]
	at org.apache.spark.sql.catalyst.encoders.ExpressionEncoder$Serializer.apply(ExpressionEncoder.scala:210) ~[spark-catalyst_2.13-3.3.0.jar:3.3.0]
	at org.apache.spark.sql.catalyst.encoders.ExpressionEncoder$Serializer.apply(ExpressionEncoder.scala:193) ~[spark-catalyst_2.13-3.3.0.jar:3.3.0]
	at scala.collection.Iterator$$anon$9.next(Iterator.scala:577) ~[scala-library-2.13.8.jar:?]
	at org.apache.spark.sql.catalyst.expressions.GeneratedClass$GeneratedIteratorForCodegenStage1.processNext(Unknown Source) ~[?:?]
	at org.apache.spark.sql.execution.BufferedRowIterator.hasNext(BufferedRowIterator.java:43) ~[spark-sql_2.13-3.3.0.jar:3.3.0]
	at org.apache.spark.sql.execution.WholeStageCodegenExec$$anon$1.hasNext(WholeStageCodegenExec.scala:760) ~[spark-sql_2.13-3.3.0.jar:3.3.0]
	at org.apache.spark.sql.execution.SparkPlan.$anonfun$getByteArrayRdd$1(SparkPlan.scala:364) ~[spark-sql_2.13-3.3.0.jar:3.3.0]
	at org.apache.spark.rdd.RDD.$anonfun$mapPartitionsInternal$2(RDD.scala:890) ~[spark-core_2.13-3.3.0.jar:3.3.0]
	at org.apache.spark.rdd.RDD.$anonfun$mapPartitionsInternal$2$adapted(RDD.scala:890) ~[spark-core_2.13-3.3.0.jar:3.3.0]
	at org.apache.spark.rdd.MapPartitionsRDD.compute(MapPartitionsRDD.scala:52) ~[spark-core_2.13-3.3.0.jar:3.3.0]
	at org.apache.spark.rdd.RDD.computeOrReadCheckpoint(RDD.scala:365) ~[spark-core_2.13-3.3.0.jar:3.3.0]
	at org.apache.spark.rdd.RDD.iterator(RDD.scala:329) ~[spark-core_2.13-3.3.0.jar:3.3.0]
	at org.apache.spark.scheduler.ResultTask.runTask(ResultTask.scala:90) ~[spark-core_2.13-3.3.0.jar:3.3.0]
	at org.apache.spark.scheduler.Task.run(Task.scala:136) ~[spark-core_2.13-3.3.0.jar:3.3.0]
	at org.apache.spark.executor.Executor$TaskRunner.$anonfun$run$3(Executor.scala:548) ~[spark-core_2.13-3.3.0.jar:3.3.0]
	at org.apache.spark.util.Utils$.tryWithSafeFinally(Utils.scala:1504) ~[spark-core_2.13-3.3.0.jar:3.3.0]
	at org.apache.spark.executor.Executor$TaskRunner.run(Executor.scala:551) ~[spark-core_2.13-3.3.0.jar:3.3.0]
	at java.util.concurrent.ThreadPoolExecutor.runWorker(ThreadPoolExecutor.java:1128) ~[?:?]
	at java.util.concurrent.ThreadPoolExecutor$Worker.run(ThreadPoolExecutor.java:628) ~[?:?]
	at java.lang.Thread.run(Thread.java:829) ~[?:?]
Caused by: java.lang.RuntimeException: java.lang.Integer is not a valid external type for schema of double
	at org.apache.spark.sql.catalyst.expressions.GeneratedClass$SpecificUnsafeProjection.writeFields_0_0$(Unknown Source) ~[?:?]
	at org.apache.spark.sql.catalyst.expressions.GeneratedClass$SpecificUnsafeProjection.apply(Unknown Source) ~[?:?]
	at org.apache.spark.sql.catalyst.encoders.ExpressionEncoder$Serializer.apply(ExpressionEncoder.scala:207) ~[spark-catalyst_2.13-3.3.0.jar:3.3.0]
	... 19 more
2022-07-26 15:55:09,154 WARN o.a.s.s.TaskSetManager [task-result-getter-3] Lost task 0.0 in stage 7.0 (TID 7) (zxc-idea-11 executor driver): java.lang.RuntimeException: Error while encoding: java.lang.RuntimeException: java.lang.Integer is not a valid external type for schema of double
staticinvoke(class org.apache.spark.unsafe.types.UTF8String, StringType, fromString, validateexternaltype(getexternalrowfield(assertnotnull(input[0, org.apache.spark.sql.Row, true]), 0, food_name), StringType, false), true, false, true) AS food_name#94
validateexternaltype(getexternalrowfield(assertnotnull(input[0, org.apache.spark.sql.Row, true]), 1, qty_kg), IntegerType, false) AS qty_kg#95
validateexternaltype(getexternalrowfield(assertnotnull(input[0, org.apache.spark.sql.Row, true]), 2, price_eur), DoubleType, false) AS price_eur#96
if (assertnotnull(input[0, org.apache.spark.sql.Row, true]).isNullAt) null else validateexternaltype(getexternalrowfield(assertnotnull(input[0, org.apache.spark.sql.Row, true]), 3, is_it_vegan), BooleanType, false) AS is_it_vegan#97
	at org.apache.spark.sql.errors.QueryExecutionErrors$.expressionEncodingError(QueryExecutionErrors.scala:1219)
	at org.apache.spark.sql.catalyst.encoders.ExpressionEncoder$Serializer.apply(ExpressionEncoder.scala:210)
	at org.apache.spark.sql.catalyst.encoders.ExpressionEncoder$Serializer.apply(ExpressionEncoder.scala:193)
	at scala.collection.Iterator$$anon$9.next(Iterator.scala:577)
	at org.apache.spark.sql.catalyst.expressions.GeneratedClass$GeneratedIteratorForCodegenStage1.processNext(Unknown Source)
	at org.apache.spark.sql.execution.BufferedRowIterator.hasNext(BufferedRowIterator.java:43)
	at org.apache.spark.sql.execution.WholeStageCodegenExec$$anon$1.hasNext(WholeStageCodegenExec.scala:760)
	at org.apache.spark.sql.execution.SparkPlan.$anonfun$getByteArrayRdd$1(SparkPlan.scala:364)
	at org.apache.spark.rdd.RDD.$anonfun$mapPartitionsInternal$2(RDD.scala:890)
	at org.apache.spark.rdd.RDD.$anonfun$mapPartitionsInternal$2$adapted(RDD.scala:890)
	at org.apache.spark.rdd.MapPartitionsRDD.compute(MapPartitionsRDD.scala:52)
	at org.apache.spark.rdd.RDD.computeOrReadCheckpoint(RDD.scala:365)
	at org.apache.spark.rdd.RDD.iterator(RDD.scala:329)
	at org.apache.spark.scheduler.ResultTask.runTask(ResultTask.scala:90)
	at org.apache.spark.scheduler.Task.run(Task.scala:136)
	at org.apache.spark.executor.Executor$TaskRunner.$anonfun$run$3(Executor.scala:548)
	at org.apache.spark.util.Utils$.tryWithSafeFinally(Utils.scala:1504)
	at org.apache.spark.executor.Executor$TaskRunner.run(Executor.scala:551)
	at java.base/java.util.concurrent.ThreadPoolExecutor.runWorker(ThreadPoolExecutor.java:1128)
	at java.base/java.util.concurrent.ThreadPoolExecutor$Worker.run(ThreadPoolExecutor.java:628)
	at java.base/java.lang.Thread.run(Thread.java:829)
Caused by: java.lang.RuntimeException: java.lang.Integer is not a valid external type for schema of double
	at org.apache.spark.sql.catalyst.expressions.GeneratedClass$SpecificUnsafeProjection.writeFields_0_0$(Unknown Source)
	at org.apache.spark.sql.catalyst.expressions.GeneratedClass$SpecificUnsafeProjection.apply(Unknown Source)
	at org.apache.spark.sql.catalyst.encoders.ExpressionEncoder$Serializer.apply(ExpressionEncoder.scala:207)
	... 19 more

2022-07-26 15:55:09,159 ERROR o.a.s.s.TaskSetManager [task-result-getter-3] Task 0 in stage 7.0 failed 1 times; aborting job
2022-07-26 21:31:27,833 WARN o.a.s.e.ProcfsMetricsGetter [executor-heartbeater] Exception when trying to compute pagesize, as a result reporting of ProcessTree metrics is stopped
2022-07-26 21:45:51,039 WARN o.a.s.e.ProcfsMetricsGetter [driver-heartbeater] Exception when trying to compute pagesize, as a result reporting of ProcessTree metrics is stopped
2022-07-28 16:47:27,777 WARN o.a.s.e.ProcfsMetricsGetter [executor-heartbeater] Exception when trying to compute pagesize, as a result reporting of ProcessTree metrics is stopped
2022-07-28 16:51:33,857 WARN o.a.s.e.ProcfsMetricsGetter [executor-heartbeater] Exception when trying to compute pagesize, as a result reporting of ProcessTree metrics is stopped
2022-07-28 16:51:36,256 ERROR o.a.s.ContextCleaner [Spark Context Cleaner] Error cleaning shuffle 5
java.lang.NullPointerException: null
	at org.apache.spark.MapOutputTrackerMaster.$anonfun$unregisterShuffle$1(MapOutputTracker.scala:882) ~[spark-core_2.13-3.3.0.jar:3.3.0]
	at org.apache.spark.MapOutputTrackerMaster.$anonfun$unregisterShuffle$1$adapted(MapOutputTracker.scala:881) ~[spark-core_2.13-3.3.0.jar:3.3.0]
	at scala.Option.foreach(Option.scala:437) ~[scala-library-2.13.8.jar:?]
	at org.apache.spark.MapOutputTrackerMaster.unregisterShuffle(MapOutputTracker.scala:881) ~[spark-core_2.13-3.3.0.jar:3.3.0]
	at org.apache.spark.ContextCleaner.doCleanupShuffle(ContextCleaner.scala:241) ~[spark-core_2.13-3.3.0.jar:3.3.0]
	at org.apache.spark.ContextCleaner.$anonfun$keepCleaning$3(ContextCleaner.scala:202) ~[spark-core_2.13-3.3.0.jar:3.3.0]
	at org.apache.spark.ContextCleaner.$anonfun$keepCleaning$3$adapted(ContextCleaner.scala:195) ~[spark-core_2.13-3.3.0.jar:3.3.0]
	at scala.Option.foreach(Option.scala:437) ~[scala-library-2.13.8.jar:?]
	at org.apache.spark.ContextCleaner.$anonfun$keepCleaning$1(ContextCleaner.scala:195) ~[spark-core_2.13-3.3.0.jar:3.3.0]
	at org.apache.spark.util.Utils$.tryOrStopSparkContext(Utils.scala:1446) ~[spark-core_2.13-3.3.0.jar:3.3.0]
	at org.apache.spark.ContextCleaner.org$apache$spark$ContextCleaner$$keepCleaning(ContextCleaner.scala:189) ~[spark-core_2.13-3.3.0.jar:3.3.0]
	at org.apache.spark.ContextCleaner$$anon$1.run(ContextCleaner.scala:79) ~[spark-core_2.13-3.3.0.jar:3.3.0]
2022-07-28 16:57:51,550 WARN o.a.s.e.ProcfsMetricsGetter [executor-heartbeater] Exception when trying to compute pagesize, as a result reporting of ProcessTree metrics is stopped
2022-07-28 19:03:19,982 WARN o.a.s.e.ProcfsMetricsGetter [executor-heartbeater] Exception when trying to compute pagesize, as a result reporting of ProcessTree metrics is stopped
2022-07-28 21:34:32,008 WARN o.a.s.e.ProcfsMetricsGetter [executor-heartbeater] Exception when trying to compute pagesize, as a result reporting of ProcessTree metrics is stopped
2022-07-30 11:01:10,974 WARN o.a.s.e.ProcfsMetricsGetter [driver-heartbeater] Exception when trying to compute pagesize, as a result reporting of ProcessTree metrics is stopped
2022-07-30 11:21:18,943 WARN o.a.s.e.ProcfsMetricsGetter [driver-heartbeater] Exception when trying to compute pagesize, as a result reporting of ProcessTree metrics is stopped
2022-07-30 11:24:48,223 WARN o.a.s.e.ProcfsMetricsGetter [driver-heartbeater] Exception when trying to compute pagesize, as a result reporting of ProcessTree metrics is stopped
2022-07-30 11:26:47,840 WARN o.a.s.e.ProcfsMetricsGetter [executor-heartbeater] Exception when trying to compute pagesize, as a result reporting of ProcessTree metrics is stopped
2022-07-30 11:40:53,131 WARN o.a.s.e.ProcfsMetricsGetter [driver-heartbeater] Exception when trying to compute pagesize, as a result reporting of ProcessTree metrics is stopped
2022-07-30 11:49:48,649 WARN o.a.s.e.ProcfsMetricsGetter [executor-heartbeater] Exception when trying to compute pagesize, as a result reporting of ProcessTree metrics is stopped
2022-07-30 11:57:15,558 WARN o.a.s.e.ProcfsMetricsGetter [driver-heartbeater] Exception when trying to compute pagesize, as a result reporting of ProcessTree metrics is stopped
2022-07-30 12:21:27,135 WARN o.a.s.e.ProcfsMetricsGetter [executor-heartbeater] Exception when trying to compute pagesize, as a result reporting of ProcessTree metrics is stopped
2022-07-30 12:31:12,304 WARN o.a.s.e.ProcfsMetricsGetter [executor-heartbeater] Exception when trying to compute pagesize, as a result reporting of ProcessTree metrics is stopped
2022-07-30 12:31:28,629 WARN o.a.s.s.c.u.package [main] Truncated the string representation of a plan since it was too large. This behavior can be adjusted by setting 'spark.sql.debug.maxToStringFields'.
2022-07-30 12:39:37,553 WARN o.a.s.e.ProcfsMetricsGetter [driver-heartbeater] Exception when trying to compute pagesize, as a result reporting of ProcessTree metrics is stopped
2022-07-30 12:46:03,506 WARN o.a.s.e.ProcfsMetricsGetter [driver-heartbeater] Exception when trying to compute pagesize, as a result reporting of ProcessTree metrics is stopped
2022-07-30 12:58:57,610 WARN o.a.s.e.ProcfsMetricsGetter [driver-heartbeater] Exception when trying to compute pagesize, as a result reporting of ProcessTree metrics is stopped
2022-07-30 13:00:36,761 WARN o.a.s.e.ProcfsMetricsGetter [driver-heartbeater] Exception when trying to compute pagesize, as a result reporting of ProcessTree metrics is stopped
2022-07-30 13:00:48,357 WARN o.a.s.s.e.w.WindowExec [main] No Partition Defined for Window operation! Moving all data to a single partition, this can cause serious performance degradation.
2022-07-30 13:00:48,362 WARN o.a.s.s.e.w.WindowExec [main] No Partition Defined for Window operation! Moving all data to a single partition, this can cause serious performance degradation.
2022-07-30 13:00:48,366 WARN o.a.s.s.e.w.WindowExec [main] No Partition Defined for Window operation! Moving all data to a single partition, this can cause serious performance degradation.
2022-08-01 21:34:19,480 WARN o.a.s.e.ProcfsMetricsGetter [executor-heartbeater] Exception when trying to compute pagesize, as a result reporting of ProcessTree metrics is stopped
2022-08-01 21:56:29,695 WARN o.a.s.e.ProcfsMetricsGetter [driver-heartbeater] Exception when trying to compute pagesize, as a result reporting of ProcessTree metrics is stopped
2022-08-02 21:36:26,154 WARN o.a.s.e.ProcfsMetricsGetter [executor-heartbeater] Exception when trying to compute pagesize, as a result reporting of ProcessTree metrics is stopped
2022-08-02 21:38:50,316 WARN o.a.s.e.ProcfsMetricsGetter [executor-heartbeater] Exception when trying to compute pagesize, as a result reporting of ProcessTree metrics is stopped
2022-08-04 11:58:29,391 WARN o.a.s.e.ProcfsMetricsGetter [executor-heartbeater] Exception when trying to compute pagesize, as a result reporting of ProcessTree metrics is stopped
2022-08-04 13:21:59,221 WARN o.a.s.e.ProcfsMetricsGetter [executor-heartbeater] Exception when trying to compute pagesize, as a result reporting of ProcessTree metrics is stopped
2022-08-04 13:23:12,598 WARN o.a.s.e.ProcfsMetricsGetter [driver-heartbeater] Exception when trying to compute pagesize, as a result reporting of ProcessTree metrics is stopped
